2.23
2.22
2.22
2.23
2.21
2.2
2.2
2.2
2.2
2.23
2.2
2.2
2.21
2.23
2.2
2.21
2.2
2.21
2.21
2.2
2.2
2.21
2.21
2.21
2.21
2.21
2.2
2.2
2.19
2.2
2.2
2.2
2.2
2.27
2.2
2.2
2.23
2.21
2.2
2.21
2.25
2.2
2.2
2.2
2.19
2.19
2.19
2.19
2.19
2.2
2.19
2.19
2.2
2.2
1.88
1.88
1.88
1.89
1.88
1.88
1.88
1.88
1.88
1.88
1.91
1.89
1.89
1.89
1.89
1.91
1.91
1.9
1.9
1.89
1.95
1.89
1.89
1.9
1.89
1.94
1.9
1.89
1.9
1.9
1.9
1.9
1.89
1.89
1.9
1.9
1.9
1.89
1.9
1.89
1.9
1.89
1.93
1.88
1.88
1.9
1.89
1.91
1.88
1.88
1.88
1.87
1.88
1.89
[1.88 1.88 1.88 1.89 1.88 1.88 1.88 1.88 1.88 1.88 1.91 1.89 1.89 1.89
 1.89 1.91 1.91 1.9  1.9  1.89 1.95 1.89 1.89 1.9  1.89 1.94 1.9  1.89
 1.9  1.9  1.9  1.9  1.89 1.89 1.9  1.9  1.9  1.89 1.9  1.89 1.9  1.89
 1.93 1.88 1.88 1.9  1.89 1.91 1.88 1.88 1.88 1.87 1.88 1.89]
[2.23 2.22 2.22 2.23 2.21 2.2  2.2  2.2  2.2  2.23 2.2  2.2  2.21 2.23
 2.2  2.21 2.2  2.21 2.21 2.2  2.2  2.21 2.21 2.21 2.21 2.21 2.2  2.2
 2.19 2.2  2.2  2.2  2.2  2.27 2.2  2.2  2.23 2.21 2.2  2.21 2.25 2.2
 2.2  2.2  2.19 2.19 2.19 2.19 2.19 2.2  2.19 2.19 2.2  2.2 ]
Mixed Results : 
 Median:1.89 
 Mean:  1.8937037037037032 
 STD:   0.014819443721290789 
 VAR:   0.00021961591220850499 
 
Double Results : 
 Median:2.2 
  Mean:  2.2064814814814815 
  STD:   0.015172759143525418 
 VAR:   0.00023021262002743416 
 
Traceback (most recent call last):
  File "measure_time_double_v3.py", line 74, in <module>
    print(f"Saving :{np.abs(double_tot - mixed_tot)/np.abs(np.max(double_tot, mixed_tot))} \n")
  File "<__array_function__ internals>", line 200, in amax
  File "/home/g/ggedik/.local/lib/python3.8/site-packages/numpy/core/fromnumeric.py", line 2820, in amax
    return _wrapreduction(a, np.maximum, 'max', axis, None, out,
  File "/home/g/ggedik/.local/lib/python3.8/site-packages/numpy/core/fromnumeric.py", line 86, in _wrapreduction
    return ufunc.reduce(obj, axis, dtype, out, **passkwargs)
TypeError: only integer scalar arrays can be converted to a scalar index
