2.2
2.2
2.19
2.2
2.2
2.2
2.2
2.21
2.2
2.21
2.2
2.23
2.2
2.2
2.2
2.22
2.2
2.24
2.2
2.2
2.2
2.27
2.2
2.2
2.2
2.21
2.2
2.2
2.2
2.2
2.2
2.21
2.2
2.2
2.2
2.19
2.2
2.29
2.21
2.21
2.2
2.2
2.2
2.2
2.24
2.2
2.2
2.2
2.25
2.2
2.2
2.2
2.2
2.31
1.88
1.88
1.88
1.88
1.88
1.88
1.88
1.88
1.88
1.88
1.88
1.88
1.88
1.88
1.89
1.88
1.88
1.88
1.88
1.9
1.88
1.88
1.88
1.88
1.89
1.93
1.88
1.88
1.88
1.91
1.89
1.88
1.88
1.88
1.89
1.89
1.88
1.88
1.88
1.88
1.88
1.88
1.88
1.88
1.88
1.88
1.88
1.88
1.88
1.88
1.88
1.92
1.88
1.88
[1.88 1.88 1.88 1.88 1.88 1.88 1.88 1.88 1.88 1.88 1.88 1.88 1.88 1.88
 1.89 1.88 1.88 1.88 1.88 1.9  1.88 1.88 1.88 1.88 1.89 1.93 1.88 1.88
 1.88 1.91 1.89 1.88 1.88 1.88 1.89 1.89 1.88 1.88 1.88 1.88 1.88 1.88
 1.88 1.88 1.88 1.88 1.88 1.88 1.88 1.88 1.88 1.92 1.88 1.88]
[2.2  2.2  2.19 2.2  2.2  2.2  2.2  2.21 2.2  2.21 2.2  2.23 2.2  2.2
 2.2  2.22 2.2  2.24 2.2  2.2  2.2  2.27 2.2  2.2  2.2  2.21 2.2  2.2
 2.2  2.2  2.2  2.21 2.2  2.2  2.2  2.19 2.2  2.29 2.21 2.21 2.2  2.2
 2.2  2.2  2.24 2.2  2.2  2.2  2.25 2.2  2.2  2.2  2.2  2.31]
Mixed Results : 
 Median:1.88 
 Mean:  1.883518518518518 
 STD:   0.009842727604383941 
 VAR:   9.687928669410165e-05 
 
Double Results : 
 Median:2.2 
  Mean:  2.2090740740740746 
  STD:   0.02295474763436694 
 VAR:   0.0005269204389574746 
 
Saving :[0.14545455 0.14545455 0.14155251 0.14545455 0.14545455 0.14545455
 0.14545455 0.14932127 0.14545455 0.14932127 0.14545455 0.15695067
 0.14545455 0.14545455 0.14090909 0.15315315 0.14545455 0.16071429
 0.14545455 0.13636364 0.14545455 0.17180617 0.14545455 0.14545455
 0.14090909 0.12669683 0.14545455 0.14545455 0.14545455 0.13181818
 0.14090909 0.14932127 0.14545455 0.14545455 0.14090909 0.1369863
 0.14545455 0.1790393  0.14932127 0.14932127 0.14545455 0.14545455
 0.14545455 0.14545455 0.16071429 0.14545455 0.14545455 0.14545455
 0.16444444 0.14545455 0.14545455 0.12727273 0.14545455 0.18614719] 

