2.22
2.22
2.2
2.2
2.21
2.2
2.2
2.2
2.2
2.2
2.19
2.19
2.2
2.2
2.2
2.2
2.19
2.2
2.2
2.2
2.19
2.19
2.2
2.19
2.2
2.2
2.19
2.24
2.19
2.19
2.19
2.22
2.19
2.19
2.2
2.2
2.2
2.19
2.34
2.2
2.19
2.22
2.23
2.2
2.19
2.19
2.27
2.19
2.24
2.2
2.2
2.2
2.2
2.2
1.92
1.89
1.88
1.88
1.88
1.92
1.88
1.89
1.88
1.88
1.88
1.88
1.88
1.88
1.88
1.88
1.88
1.89
1.97
1.88
1.89
1.88
1.89
1.89
1.88
1.9
1.89
1.88
1.97
1.89
1.88
1.94
1.89
1.88
1.88
1.88
1.93
1.88
1.88
1.89
1.88
1.88
1.89
1.88
1.89
1.88
1.88
1.89
1.88
1.88
1.88
1.88
1.88
1.89
[1.92 1.89 1.88 1.88 1.88 1.92 1.88 1.89 1.88 1.88 1.88 1.88 1.88 1.88
 1.88 1.88 1.88 1.89 1.97 1.88 1.89 1.88 1.89 1.89 1.88 1.9  1.89 1.88
 1.97 1.89 1.88 1.94 1.89 1.88 1.88 1.88 1.93 1.88 1.88 1.89 1.88 1.88
 1.89 1.88 1.89 1.88 1.88 1.89 1.88 1.88 1.88 1.88 1.88 1.89]
[2.22 2.22 2.2  2.2  2.21 2.2  2.2  2.2  2.2  2.2  2.19 2.19 2.2  2.2
 2.2  2.2  2.19 2.2  2.2  2.2  2.19 2.19 2.2  2.19 2.2  2.2  2.19 2.24
 2.19 2.19 2.19 2.22 2.19 2.19 2.2  2.2  2.2  2.19 2.34 2.2  2.19 2.22
 2.23 2.2  2.19 2.19 2.27 2.19 2.24 2.2  2.2  2.2  2.2  2.2 ]
Mixed Results : 
 Median:1.88 
 Mean:  1.8898148148148142 
 STD:   0.020229309570681055 
 VAR:   0.0004092249657064481 
 
Double Results : 
 Median:2.2 
  Mean:  2.2044444444444444 
  STD:   0.023934065809486683 
 VAR:   0.0005728395061728394 
 
Saving :0.14545454545454556 

