2.19
2.2
2.2
2.2
2.23
2.19
2.23
2.22
2.22
2.22
2.22
2.22
2.22
2.21
2.22
2.22
2.22
2.21
2.21
2.22
2.22
2.22
2.22
2.21
2.21
2.22
2.22
2.21
2.21
2.21
2.2
2.11
2.12
2.13
2.11
2.11
2.11
2.11
2.12
2.11
2.12
2.11
2.12
2.11
2.11
2.11
2.11
2.11
2.11
2.11
2.11
2.11
2.14
2.11
2.11
2.11
2.11
2.11
2.11
2.14
2.11
2.11
[2.11 2.12 2.13 2.11 2.11 2.11 2.11 2.12 2.11 2.12 2.11 2.12 2.11 2.11
 2.11 2.11 2.11 2.11 2.11 2.11 2.11 2.14 2.11 2.11 2.11 2.11 2.11 2.11
 2.14 2.11 2.11]
[2.19 2.2  2.2  2.2  2.23 2.19 2.23 2.22 2.22 2.22 2.22 2.22 2.22 2.21
 2.22 2.22 2.22 2.21 2.21 2.22 2.22 2.22 2.22 2.21 2.21 2.22 2.22 2.21
 2.21 2.21 2.2 ]
Mixed Results : 
 Median:2.11 
 Mean:  2.1138709677419354 
 STD:   0.008299793761463692 
 VAR:   6.888657648283162e-05 
 
Double Results : 
 Median:2.22 
  Mean:  2.213548387096774 
  STD:   0.010015596578232314 
 VAR:   0.00010031217481789883 
 
Median Saving : 0.04954954954954969 

Mean Saving : 0.04503060332264643 

