2.22
2.19
2.19
2.19
2.19
2.19
2.19
2.19
2.19
2.19
2.2
2.19
2.19
2.19
2.19
2.19
2.19
2.19
2.19
2.19
2.22
2.22
2.19
2.19
2.19
2.19
2.19
2.19
2.19
2.19
2.19
1.95
2.01
1.94
1.98
1.94
1.95
1.94
1.95
1.95
1.95
1.94
1.95
1.95
1.95
1.94
1.94
1.95
1.95
1.99
1.94
1.95
1.95
1.95
1.95
1.95
1.94
1.95
1.94
1.95
1.94
1.95
[1.95 2.01 1.94 1.98 1.94 1.95 1.94 1.95 1.95 1.95 1.94 1.95 1.95 1.95
 1.94 1.94 1.95 1.95 1.99 1.94 1.95 1.95 1.95 1.95 1.95 1.94 1.95 1.95
 1.95 1.94 1.95]
[2.22 2.19 2.19 2.19 2.19 2.19 2.19 2.19 2.19 2.19 2.2  2.19 2.19 2.19
 2.19 2.19 2.19 2.19 2.19 2.19 2.22 2.22 2.19 2.19 2.19 2.19 2.19 2.19
 2.19 2.19 2.19]
Mixed Results : 
 Median:1.95 
 Mean:  1.9512903225806455 
 STD:   0.014971356626931973 
 VAR:   0.00022414151925077993 
 
Double Results : 
 Median:2.19 
  Mean:  2.193225806451612 
  STD:   0.008939617071323316 
 VAR:   7.991675338189525e-05 
 
Median Saving : 0.1095890410958904 

Mean Saving : 0.11031033975584599 

