2.21
2.22
2.2
2.21
2.19
2.2
2.2
2.19
2.2
2.2
2.2
2.21
2.2
2.2
2.22
2.19
2.19
2.2
2.2
2.2
2.2
2.2
2.2
2.21
2.2
2.21
2.2
2.2
2.22
2.22
2.22
1.85
1.85
1.85
1.85
1.85
1.85
1.85
1.84
1.85
1.84
1.85
1.83
1.87
1.84
1.85
1.85
1.85
1.85
1.85
1.85
1.85
1.84
1.84
1.84
1.85
1.85
1.84
1.84
1.87
1.87
1.85
[1.85 1.85 1.85 1.85 1.85 1.85 1.85 1.84 1.85 1.84 1.85 1.83 1.87 1.84
 1.85 1.85 1.85 1.85 1.85 1.85 1.85 1.84 1.84 1.84 1.85 1.85 1.84 1.84
 1.87 1.87 1.85]
[2.21 2.22 2.2  2.21 2.19 2.2  2.2  2.19 2.2  2.2  2.2  2.21 2.2  2.2
 2.22 2.19 2.19 2.2  2.2  2.2  2.2  2.2  2.2  2.21 2.2  2.21 2.2  2.2
 2.22 2.22 2.22]
Mixed Results : 
 Median:1.85 
 Mean:  1.8487096774193552 
 STD:   0.0087037016536981 
 VAR:   7.575442247658703e-05 
 
Double Results : 
 Median:2.2 
  Mean:  2.2035483870967747 
  STD:   0.008997629471600899 
 VAR:   8.095733610822108e-05 
 
Median Saving : 0.15909090909090912 

Mean Saving : 0.16103059581320453 

