2.22
2.25
2.29
2.27
2.25
2.25
2.25
2.26
2.26
2.25
2.35
2.26
2.25
2.26
2.25
2.2
2.25
2.25
2.26
2.25
2.21
2.2
2.2
2.2
2.2
2.21
2.21
2.2
2.22
2.21
2.2
1.84
1.85
1.86
1.85
1.85
1.85
1.84
1.85
1.85
1.85
1.85
1.85
1.84
1.87
1.85
1.89
1.85
1.85
1.85
1.85
1.85
1.84
1.84
1.85
1.85
1.85
1.85
1.85
1.85
1.86
1.85
[1.84 1.85 1.86 1.85 1.85 1.85 1.84 1.85 1.85 1.85 1.85 1.85 1.84 1.87
 1.85 1.89 1.85 1.85 1.85 1.85 1.85 1.84 1.84 1.85 1.85 1.85 1.85 1.85
 1.85 1.86 1.85]
[2.22 2.25 2.29 2.27 2.25 2.25 2.25 2.26 2.26 2.25 2.35 2.26 2.25 2.26
 2.25 2.2  2.25 2.25 2.26 2.25 2.21 2.2  2.2  2.2  2.2  2.21 2.21 2.2
 2.22 2.21 2.2 ]
Mixed Results : 
 Median:1.85 
 Mean:  1.8509677419354842 
 STD:   0.009282254561250402 
 VAR:   8.61602497398539e-05 
 
Double Results : 
 Median:2.25 
  Mean:  2.2383870967741935 
  STD:   0.03312700625145863 
 VAR:   0.0010973985431841791 
 
Median Saving : 0.17777777777777773 

Mean Saving : 0.1730796944804725 

