0.22
0.23
0.22
0.22
0.22
0.22
0.22
0.22
0.21
0.22
0.22
0.22
0.21
0.22
0.22
0.22
0.22
0.22
0.22
0.22
0.22
0.22
0.22
0.22
0.22
0.22
0.22
0.22
0.22
0.22
0.22
0.22
0.22
0.22
0.22
0.22
0.22
0.22
0.22
0.22
0.22
0.22
0.22
0.22
0.22
0.22
0.22
0.22
0.22
0.22
0.21
0.22
0.21
0.22
0.18
0.18
0.19
0.19
0.18
0.18
0.19
0.18
0.19
0.19
0.18
0.18
0.18
0.18
0.18
0.18
0.18
0.19
0.18
0.18
0.19
0.18
0.18
0.18
0.18
0.18
0.18
0.19
0.18
0.19
0.18
0.19
0.18
0.19
0.19
0.18
0.18
0.18
0.19
0.18
0.18
0.18
0.19
0.19
0.18
0.18
0.19
0.19
0.18
0.19
0.18
0.18
0.18
0.19
[0.18 0.18 0.19 0.19 0.18 0.18 0.19 0.18 0.19 0.19 0.18 0.18 0.18 0.18
 0.18 0.18 0.18 0.19 0.18 0.18 0.19 0.18 0.18 0.18 0.18 0.18 0.18 0.19
 0.18 0.19 0.18 0.19 0.18 0.19 0.19 0.18 0.18 0.18 0.19 0.18 0.18 0.18
 0.19 0.19 0.18 0.18 0.19 0.19 0.18 0.19 0.18 0.18 0.18 0.19]
[0.22 0.23 0.22 0.22 0.22 0.22 0.22 0.22 0.21 0.22 0.22 0.22 0.21 0.22
 0.22 0.22 0.22 0.22 0.22 0.22 0.22 0.22 0.22 0.22 0.22 0.22 0.22 0.22
 0.22 0.22 0.22 0.22 0.22 0.22 0.22 0.22 0.22 0.22 0.22 0.22 0.22 0.22
 0.22 0.22 0.22 0.22 0.22 0.22 0.22 0.22 0.21 0.22 0.21 0.22]
Mixed Results : 
     Median:0.18 
     Mean:  0.18351851851851844 
     STD:   0.004775480354899124 
     VAR:   2.2805212620027466e-05 
 
Double Results : 
     Median:0.22 
      Mean:  0.21944444444444453 
      STD:   0.002991758226185838 
     VAR:   8.950617283950633e-06 
 
Median Saving : 0.18181818181818185 

Mean Saving : 0.16371308016877703 

0.27
0.26
0.26
0.26
0.26
0.26
0.26
0.26
0.26
0.26
0.26
0.26
0.26
0.26
0.27
0.27
0.27
0.28
0.27
0.27
0.27
0.27
0.28
0.27
0.27
0.27
0.27
0.27
0.27
0.26
0.26
0.26
0.27
0.27
0.27
0.26
0.27
0.27
0.26
0.26
0.26
0.27
0.27
0.27
0.27
0.27
0.28
0.26
0.27
0.27
0.27
0.26
0.27
0.27
0.22
0.23
0.23
0.22
0.22
0.22
0.22
0.22
0.23
0.23
0.22
0.23
0.23
0.23
0.22
0.22
0.22
0.23
0.23
0.22
0.23
0.22
0.23
0.23
0.22
0.22
0.22
0.22
0.22
0.22
0.22
0.22
0.22
0.22
0.22
0.22
0.22
0.22
0.23
0.23
0.23
0.23
0.23
0.22
0.23
0.23
0.22
0.22
0.23
0.22
0.23
0.23
0.22
0.22
[0.22 0.23 0.23 0.22 0.22 0.22 0.22 0.22 0.23 0.23 0.22 0.23 0.23 0.23
 0.22 0.22 0.22 0.23 0.23 0.22 0.23 0.22 0.23 0.23 0.22 0.22 0.22 0.22
 0.22 0.22 0.22 0.22 0.22 0.22 0.22 0.22 0.22 0.22 0.23 0.23 0.23 0.23
 0.23 0.22 0.23 0.23 0.22 0.22 0.23 0.22 0.23 0.23 0.22 0.22]
[0.27 0.26 0.26 0.26 0.26 0.26 0.26 0.26 0.26 0.26 0.26 0.26 0.26 0.26
 0.27 0.27 0.27 0.28 0.27 0.27 0.27 0.27 0.28 0.27 0.27 0.27 0.27 0.27
 0.27 0.26 0.26 0.26 0.27 0.27 0.27 0.26 0.27 0.27 0.26 0.26 0.26 0.27
 0.27 0.27 0.27 0.27 0.28 0.26 0.27 0.27 0.27 0.26 0.27 0.27]
Mixed Results : 
     Median:0.22 
     Mean:  0.22407407407407418 
     STD:   0.00491351820793393 
     VAR:   2.4142661179698262e-05 
 
Double Results : 
     Median:0.27 
      Mean:  0.2664814814814815 
      STD:   0.0058237722938949636 
     VAR:   3.391632373113861e-05 
 
Median Saving : 0.18518518518518523 

Mean Saving : 0.1591382904794993 

0.31
0.31
0.31
0.31
0.32
0.31
0.31
0.31
0.31
0.31
0.31
0.32
0.31
0.31
0.31
0.31
0.31
0.31
0.3
0.32
0.3
0.31
0.3
0.31
0.3
0.3
0.3
0.3
0.33
0.31
0.31
0.31
0.31
0.31
0.31
0.31
0.31
0.31
0.31
0.32
0.33
0.31
0.31
0.31
0.31
0.31
0.31
0.31
0.31
0.31
0.31
0.31
0.31
0.31
0.26
0.26
0.26
0.26
0.26
0.26
0.26
0.26
0.26
0.26
0.26
0.25
0.26
0.26
0.26
0.26
0.26
0.25
0.26
0.25
0.26
0.26
0.26
0.26
0.26
0.26
0.26
0.25
0.25
0.26
0.26
0.26
0.26
0.25
0.26
0.26
0.26
0.26
0.26
0.26
0.26
0.26
0.26
0.26
0.26
0.26
0.25
0.26
0.26
0.25
0.26
0.26
0.26
0.26
[0.26 0.26 0.26 0.26 0.26 0.26 0.26 0.26 0.26 0.26 0.26 0.25 0.26 0.26
 0.26 0.26 0.26 0.25 0.26 0.25 0.26 0.26 0.26 0.26 0.26 0.26 0.26 0.25
 0.25 0.26 0.26 0.26 0.26 0.25 0.26 0.26 0.26 0.26 0.26 0.26 0.26 0.26
 0.26 0.26 0.26 0.26 0.25 0.26 0.26 0.25 0.26 0.26 0.26 0.26]
[0.31 0.31 0.31 0.31 0.32 0.31 0.31 0.31 0.31 0.31 0.31 0.32 0.31 0.31
 0.31 0.31 0.31 0.31 0.3  0.32 0.3  0.31 0.3  0.31 0.3  0.3  0.3  0.3
 0.33 0.31 0.31 0.31 0.31 0.31 0.31 0.31 0.31 0.31 0.31 0.32 0.33 0.31
 0.31 0.31 0.31 0.31 0.31 0.31 0.31 0.31 0.31 0.31 0.31 0.31]
Mixed Results : 
     Median:0.26 
     Mean:  0.2585185185185185 
     STD:   0.0035524677950464624 
     VAR:   1.2620027434842273e-05 
 
Double Results : 
     Median:0.31 
      Mean:  0.3101851851851852 
      STD:   0.005928818738363755 
     VAR:   3.515089163237319e-05 
 
Median Saving : 0.16129032258064513 

Mean Saving : 0.16656716417910458 

0.35
0.35
0.35
0.35
0.35
0.35
0.35
0.35
0.35
0.35
0.35
0.35
0.35
0.35
0.35
0.36
0.37
0.37
0.35
0.35
0.35
0.35
0.35
0.35
0.35
0.35
0.35
0.35
0.35
0.35
0.35
0.35
0.35
0.35
0.35
0.35
0.35
0.35
0.35
0.35
0.35
0.35
0.35
0.35
0.35
0.35
0.35
0.35
0.35
0.35
0.35
0.36
0.35
0.35
0.29
0.29
0.29
0.29
0.29
0.29
0.3
0.3
0.3
0.3
0.29
0.3
0.29
0.29
0.29
0.3
0.3
0.3
0.3
0.29
0.3
0.29
0.29
0.3
0.29
0.29
0.29
0.29
0.3
0.29
0.3
0.3
0.3
0.29
0.29
0.29
0.29
0.3
0.3
0.29
0.29
0.29
0.29
0.3
0.3
0.29
0.29
0.3
0.3
0.29
0.3
0.29
0.29
0.29
[0.29 0.29 0.29 0.29 0.29 0.29 0.3  0.3  0.3  0.3  0.29 0.3  0.29 0.29
 0.29 0.3  0.3  0.3  0.3  0.29 0.3  0.29 0.29 0.3  0.29 0.29 0.29 0.29
 0.3  0.29 0.3  0.3  0.3  0.29 0.29 0.29 0.29 0.3  0.3  0.29 0.29 0.29
 0.29 0.3  0.3  0.29 0.29 0.3  0.3  0.29 0.3  0.29 0.29 0.29]
[0.35 0.35 0.35 0.35 0.35 0.35 0.35 0.35 0.35 0.35 0.35 0.35 0.35 0.35
 0.35 0.36 0.37 0.37 0.35 0.35 0.35 0.35 0.35 0.35 0.35 0.35 0.35 0.35
 0.35 0.35 0.35 0.35 0.35 0.35 0.35 0.35 0.35 0.35 0.35 0.35 0.35 0.35
 0.35 0.35 0.35 0.35 0.35 0.35 0.35 0.35 0.35 0.36 0.35 0.35]
Mixed Results : 
     Median:0.29 
     Mean:  0.29407407407407404 
     STD:   0.00491351820793393 
     VAR:   2.4142661179698262e-05 
 
Double Results : 
     Median:0.35 
      Mean:  0.35111111111111126 
      STD:   0.004157397096415495 
     VAR:   1.7283950617283984e-05 
 
Median Saving : 0.17142857142857143 

Mean Saving : 0.1624472573839667 

0.4
0.41
0.39
0.4
0.39
0.39
0.39
0.4
0.39
0.39
0.39
0.39
0.4
0.4
0.42
0.39
0.4
0.39
0.39
0.39
0.39
0.39
0.4
0.39
0.39
0.39
0.4
0.39
0.4
0.39
0.39
0.39
0.39
0.39
0.39
0.39
0.39
0.39
0.39
0.39
0.4
0.39
0.4
0.4
0.39
0.39
0.39
0.39
0.4
0.39
0.39
0.39
0.39
0.39
0.33
0.33
0.33
0.33
0.33
0.33
0.33
0.33
0.33
0.33
0.33
0.33
0.33
0.33
0.33
0.34
0.33
0.33
0.34
0.33
0.32
0.35
0.33
0.33
0.33
0.33
0.33
0.33
0.33
0.33
0.33
0.33
0.33
0.33
0.33
0.33
0.33
0.33
0.33
0.33
0.33
0.33
0.33
0.33
0.33
0.33
0.33
0.33
0.33
0.33
0.33
0.33
0.33
0.33
[0.33 0.33 0.33 0.33 0.33 0.33 0.33 0.33 0.33 0.33 0.33 0.33 0.33 0.33
 0.33 0.34 0.33 0.33 0.34 0.33 0.32 0.35 0.33 0.33 0.33 0.33 0.33 0.33
 0.33 0.33 0.33 0.33 0.33 0.33 0.33 0.33 0.33 0.33 0.33 0.33 0.33 0.33
 0.33 0.33 0.33 0.33 0.33 0.33 0.33 0.33 0.33 0.33 0.33 0.33]
[0.4  0.41 0.39 0.4  0.39 0.39 0.39 0.4  0.39 0.39 0.39 0.39 0.4  0.4
 0.42 0.39 0.4  0.39 0.39 0.39 0.39 0.39 0.4  0.39 0.39 0.39 0.4  0.39
 0.4  0.39 0.39 0.39 0.39 0.39 0.39 0.39 0.39 0.39 0.39 0.39 0.4  0.39
 0.4  0.4  0.39 0.39 0.39 0.39 0.4  0.39 0.39 0.39 0.39 0.39]
Mixed Results : 
     Median:0.33 
     Mean:  0.33055555555555544 
     STD:   0.0035572912430182468 
     VAR:   1.2654320987654304e-05 
 
Double Results : 
     Median:0.39 
      Mean:  0.39333333333333337 
      STD:   0.006085806194501843 
     VAR:   3.7037037037036996e-05 
 
Median Saving : 0.15384615384615383 

Mean Saving : 0.1596045197740117 

0.44
0.46
0.44
0.44
0.44
0.44
0.44
0.44
0.44
0.44
0.44
0.43
0.44
0.44
0.44
0.44
0.44
0.43
0.43
0.44
0.44
0.44
0.44
0.44
0.44
0.44
0.44
0.44
0.44
0.44
0.43
0.44
0.46
0.44
0.44
0.44
0.44
0.44
0.45
0.44
0.45
0.43
0.45
0.46
0.45
0.44
0.44
0.44
0.44
0.44
0.44
0.44
0.44
0.44
0.37
0.37
0.37
0.37
0.37
0.37
0.37
0.37
0.37
0.37
0.37
0.38
0.37
0.37
0.38
0.37
0.37
0.37
0.37
0.36
0.37
0.36
0.37
0.37
0.37
0.37
0.37
0.37
0.37
0.37
0.37
0.37
0.36
0.37
0.37
0.37
0.37
0.37
0.37
0.37
0.37
0.37
0.37
0.37
0.36
0.37
0.37
0.37
0.37
0.37
0.37
0.37
0.37
0.37
[0.37 0.37 0.37 0.37 0.37 0.37 0.37 0.37 0.37 0.37 0.37 0.38 0.37 0.37
 0.38 0.37 0.37 0.37 0.37 0.36 0.37 0.36 0.37 0.37 0.37 0.37 0.37 0.37
 0.37 0.37 0.37 0.37 0.36 0.37 0.37 0.37 0.37 0.37 0.37 0.37 0.37 0.37
 0.37 0.37 0.36 0.37 0.37 0.37 0.37 0.37 0.37 0.37 0.37 0.37]
[0.44 0.46 0.44 0.44 0.44 0.44 0.44 0.44 0.44 0.44 0.44 0.43 0.44 0.44
 0.44 0.44 0.44 0.43 0.43 0.44 0.44 0.44 0.44 0.44 0.44 0.44 0.44 0.44
 0.44 0.44 0.43 0.44 0.46 0.44 0.44 0.44 0.44 0.44 0.45 0.44 0.45 0.43
 0.45 0.46 0.45 0.44 0.44 0.44 0.44 0.44 0.44 0.44 0.44 0.44]
Mixed Results : 
     Median:0.37 
     Mean:  0.36962962962962975 
     STD:   0.003312693299999691 
     VAR:   1.0973936899862843e-05 
 
Double Results : 
     Median:0.44 
      Mean:  0.4409259259259261 
      STD:   0.006166972520498787 
     VAR:   3.8031550068587165e-05 
 
Median Saving : 0.15909090909090912 

Mean Saving : 0.16169676606467878 

0.51
0.49
0.48
0.48
0.48
0.49
0.51
0.5
0.48
0.49
0.48
0.48
0.48
0.48
0.48
0.48
0.51
0.48
0.48
0.48
0.48
0.48
0.48
0.5
0.48
0.48
0.48
0.48
0.48
0.48
0.48
0.48
0.48
0.48
0.48
0.47
0.48
0.48
0.48
0.48
0.48
0.48
0.48
0.48
0.48
0.48
0.48
0.48
0.48
0.5
0.48
0.48
0.48
0.48
0.4
0.41
0.4
0.41
0.4
0.41
0.4
0.41
0.41
0.4
0.41
0.41
0.41
0.4
0.4
0.41
0.41
0.42
0.44
0.4
0.4
0.4
0.42
0.4
0.4
0.4
0.41
0.41
0.4
0.4
0.4
0.4
0.4
0.41
0.4
0.4
0.4
0.41
0.41
0.41
0.41
0.41
0.41
0.41
0.41
0.4
0.41
0.4
0.4
0.41
0.41
0.41
0.4
0.4
[0.4  0.41 0.4  0.41 0.4  0.41 0.4  0.41 0.41 0.4  0.41 0.41 0.41 0.4
 0.4  0.41 0.41 0.42 0.44 0.4  0.4  0.4  0.42 0.4  0.4  0.4  0.41 0.41
 0.4  0.4  0.4  0.4  0.4  0.41 0.4  0.4  0.4  0.41 0.41 0.41 0.41 0.41
 0.41 0.41 0.41 0.4  0.41 0.4  0.4  0.41 0.41 0.41 0.4  0.4 ]
[0.51 0.49 0.48 0.48 0.48 0.49 0.51 0.5  0.48 0.49 0.48 0.48 0.48 0.48
 0.48 0.48 0.51 0.48 0.48 0.48 0.48 0.48 0.48 0.5  0.48 0.48 0.48 0.48
 0.48 0.48 0.48 0.48 0.48 0.48 0.48 0.47 0.48 0.48 0.48 0.48 0.48 0.48
 0.48 0.48 0.48 0.48 0.48 0.48 0.48 0.5  0.48 0.48 0.48 0.48]
Mixed Results : 
     Median:0.41 
     Mean:  0.40611111111111103 
     STD:   0.007307192465536597 
     VAR:   5.339506172839481e-05 
 
Double Results : 
     Median:0.48 
      Mean:  0.48314814814814816 
      STD:   0.008349778013033708 
     VAR:   6.971879286694113e-05 
 
Median Saving : 0.14583333333333334 

Mean Saving : 0.15944806439248774 

0.52
0.53
0.53
0.52
0.52
0.53
0.53
0.53
0.52
0.53
0.55
0.53
0.52
0.53
0.52
0.53
0.52
0.52
0.52
0.53
0.52
0.53
0.53
0.53
0.53
0.53
0.54
0.53
0.52
0.53
0.52
0.53
0.52
0.53
0.53
0.53
0.53
0.52
0.53
0.53
0.53
0.52
0.52
0.52
0.53
0.53
0.52
0.52
0.52
0.53
0.52
0.53
0.53
0.52
0.44
0.44
0.44
0.44
0.45
0.44
0.44
0.44
0.44
0.44
0.45
0.44
0.44
0.44
0.44
0.44
0.44
0.44
0.44
0.44
0.44
0.44
0.44
0.44
0.44
0.44
0.44
0.45
0.44
0.44
0.44
0.44
0.45
0.45
0.46
0.44
0.44
0.44
0.44
0.44
0.44
0.45
0.44
0.44
0.45
0.44
0.44
0.44
0.44
0.44
0.44
0.44
0.44
0.44
[0.44 0.44 0.44 0.44 0.45 0.44 0.44 0.44 0.44 0.44 0.45 0.44 0.44 0.44
 0.44 0.44 0.44 0.44 0.44 0.44 0.44 0.44 0.44 0.44 0.44 0.44 0.44 0.45
 0.44 0.44 0.44 0.44 0.45 0.45 0.46 0.44 0.44 0.44 0.44 0.44 0.44 0.45
 0.44 0.44 0.45 0.44 0.44 0.44 0.44 0.44 0.44 0.44 0.44 0.44]
[0.52 0.53 0.53 0.52 0.52 0.53 0.53 0.53 0.52 0.53 0.55 0.53 0.52 0.53
 0.52 0.53 0.52 0.52 0.52 0.53 0.52 0.53 0.53 0.53 0.53 0.53 0.54 0.53
 0.52 0.53 0.52 0.53 0.52 0.53 0.53 0.53 0.53 0.52 0.53 0.53 0.53 0.52
 0.52 0.52 0.53 0.53 0.52 0.52 0.52 0.53 0.52 0.53 0.53 0.52]
Mixed Results : 
     Median:0.44 
     Mean:  0.4416666666666668 
     STD:   0.004194352464039309 
     VAR:   1.7592592592592625e-05 
 
Double Results : 
     Median:0.53 
      Mean:  0.5264814814814816 
      STD:   0.006133516726547856 
     VAR:   3.762002743484233e-05 
 
Median Saving : 0.16981132075471703 

Mean Saving : 0.1610974322898345 

0.57
0.57
0.57
0.57
0.57
0.57
0.57
0.57
0.57
0.57
0.57
0.57
0.57
0.57
0.57
0.57
0.57
0.57
0.57
0.57
0.57
0.59
0.57
0.57
0.57
0.6
0.57
0.57
0.59
0.57
0.57
0.57
0.57
0.58
0.58
0.57
0.57
0.57
0.57
0.57
0.57
0.58
0.58
0.56
0.57
0.57
0.57
0.57
0.57
0.57
0.57
0.57
0.57
0.57
0.48
0.48
0.48
0.48
0.48
0.48
0.48
0.48
0.48
0.48
0.48
0.48
0.48
0.48
0.48
0.48
0.48
0.48
0.48
0.48
0.48
0.48
0.48
0.48
0.48
0.48
0.48
0.48
0.48
0.48
0.48
0.48
0.48
0.48
0.48
0.48
0.48
0.48
0.48
0.48
0.48
0.48
0.48
0.48
0.48
0.48
0.48
0.48
0.48
0.48
0.48
0.48
0.48
0.47
[0.48 0.48 0.48 0.48 0.48 0.48 0.48 0.48 0.48 0.48 0.48 0.48 0.48 0.48
 0.48 0.48 0.48 0.48 0.48 0.48 0.48 0.48 0.48 0.48 0.48 0.48 0.48 0.48
 0.48 0.48 0.48 0.48 0.48 0.48 0.48 0.48 0.48 0.48 0.48 0.48 0.48 0.48
 0.48 0.48 0.48 0.48 0.48 0.48 0.48 0.48 0.48 0.48 0.48 0.47]
[0.57 0.57 0.57 0.57 0.57 0.57 0.57 0.57 0.57 0.57 0.57 0.57 0.57 0.57
 0.57 0.57 0.57 0.57 0.57 0.57 0.57 0.59 0.57 0.57 0.57 0.6  0.57 0.57
 0.59 0.57 0.57 0.57 0.57 0.58 0.58 0.57 0.57 0.57 0.57 0.57 0.57 0.58
 0.58 0.56 0.57 0.57 0.57 0.57 0.57 0.57 0.57 0.57 0.57 0.57]
Mixed Results : 
     Median:0.48 
     Mean:  0.4798148148148148 
     STD:   0.001348168498014912 
     VAR:   1.8175582990397839e-06 
 
Double Results : 
     Median:0.57 
      Mean:  0.5718518518518518 
      STD:   0.006108304630544684 
     VAR:   3.731138545953363e-05 
 
Median Saving : 0.15789473684210523 

Mean Saving : 0.16094559585492227 

0.62
0.61
0.61
0.61
0.61
0.61
0.61
0.61
0.61
0.61
0.61
0.61
0.64
0.61
0.61
0.61
0.61
0.61
0.61
0.61
0.62
0.65
0.61
0.61
0.62
0.62
0.61
0.61
0.61
0.61
0.62
0.61
0.62
0.61
0.62
0.62
0.61
0.61
0.61
0.62
0.62
0.61
0.61
0.61
0.61
0.64
0.61
0.61
0.61
0.61
0.61
0.61
0.61
0.61
0.51
0.51
0.51
0.51
0.52
0.51
0.52
0.51
0.52
0.52
0.51
0.51
0.51
0.51
0.52
0.52
0.51
0.52
0.52
0.52
0.52
0.51
0.52
0.51
0.51
0.51
0.52
0.52
0.51
0.51
0.51
0.52
0.52
0.51
0.52
0.52
0.53
0.51
0.52
0.52
0.52
0.52
0.52
0.51
0.51
0.51
0.51
0.52
0.51
0.51
0.52
0.52
0.52
0.52
[0.51 0.51 0.51 0.51 0.52 0.51 0.52 0.51 0.52 0.52 0.51 0.51 0.51 0.51
 0.52 0.52 0.51 0.52 0.52 0.52 0.52 0.51 0.52 0.51 0.51 0.51 0.52 0.52
 0.51 0.51 0.51 0.52 0.52 0.51 0.52 0.52 0.53 0.51 0.52 0.52 0.52 0.52
 0.52 0.51 0.51 0.51 0.51 0.52 0.51 0.51 0.52 0.52 0.52 0.52]
[0.62 0.61 0.61 0.61 0.61 0.61 0.61 0.61 0.61 0.61 0.61 0.61 0.64 0.61
 0.61 0.61 0.61 0.61 0.61 0.61 0.62 0.65 0.61 0.61 0.62 0.62 0.61 0.61
 0.61 0.61 0.62 0.61 0.62 0.61 0.62 0.62 0.61 0.61 0.61 0.62 0.62 0.61
 0.61 0.61 0.61 0.64 0.61 0.61 0.61 0.61 0.61 0.61 0.61 0.61]
Mixed Results : 
     Median:0.52 
     Mean:  0.5153703703703704 
     STD:   0.005344766551726602 
     VAR:   2.856652949245547e-05 
 
Double Results : 
     Median:0.61 
      Mean:  0.6137037037037038 
      STD:   0.008231892878108478 
     VAR:   6.776406035665306e-05 
 
Median Saving : 0.14754098360655732 

Mean Saving : 0.16022933011466511 

